<?xml version="1.0" encoding="UTF-8"?>
<!-- Generated by org.testng.reporters.JUnitReportReporter -->
<testsuite hostname="DESKTOP-7S85DMK" failures="0" tests="1" name="testCases.TC002_LoginTest" time="2.646" errors="0" timestamp="2025-03-09T12:06:22 IST" skipped="0">
  <testcase classname="testCases.TC002_LoginTest" name="verify_login" time="2.646"/>
</testsuite> <!-- testCases.TC002_LoginTest -->
